Microsoft HTML Help Compiler 4.74.8702

Compiling g:\Dynamic Report\Help Dynamic Report\DC Dynamic Report v3.5.chm

HHC4006: Warning: The file "SetReportHeader.htm" is already listed in the [FILES] section of the project file.
HHC5003: Error: Compilation failed while compiling LogoImage.htm.
HHC5003: Error: Compilation failed while compiling PopulateReport.htm.
HHC5003: Error: Compilation failed while compiling ReadTheme.htm.
HHC5013: Error: URL reference in the TOC cannot be resolved: "DynamicComponents%20Dynamic%20Report.htm".
HHC5013: Error: URL reference in the TOC cannot be resolved: "System%20Requirements.htm".
HHC5013: Error: URL reference in the TOC cannot be resolved: "Installing%20Dynamic%20Report.htm".
HHC5013: Error: URL reference in the TOC cannot be resolved: "Including%20DC.Dynamic%20Report.htm".
HHC5013: Error: URL reference in the TOC cannot be resolved: "Deploying%20Dynamic%20Report.htm".
HHC5013: Error: URL reference in the TOC cannot be resolved: "Contact%20us.htm".
HHC5013: Error: URL reference in the TOC cannot be resolved: "How%20to%20order.htm".
HHC5013: Error: URL reference in the TOC cannot be resolved: "How%20to%20Register%20your%20Copy.htm".


The following files were not compiled:
LogoImage.htm
PopulateReport.htm
ReadTheme.htm
Microsoft HTML Help Compiler 4.74.8702

Compiling g:\Dynamic Report\Help Dynamic Report\DC Dynamic Report v3.5.chm

HHC4006: Warning: The file "SetReportHeader.htm" is already listed in the [FILES] section of the project file.
HHC5003: Error: Compilation failed while compiling LogoImage.htm.
HHC5003: Error: Compilation failed while compiling PopulateReport.htm.
HHC5003: Error: Compilation failed while compiling ReadTheme.htm.
HHC5013: Error: URL reference in the TOC cannot be resolved: "DynamicComponents%20Dynamic%20Report.htm".
HHC5013: Error: URL reference in the TOC cannot be resolved: "System%20Requirements.htm".
HHC5013: Error: URL reference in the TOC cannot be resolved: "Installing%20Dynamic%20Report.htm".
HHC5013: Error: URL reference in the TOC cannot be resolved: "Including%20DC.Dynamic%20Report.htm".
HHC5013: Error: URL reference in the TOC cannot be resolved: "Deploying%20Dynamic%20Report.htm".
HHC5013: Error: URL reference in the TOC cannot be resolved: "Contact%20us.htm".
HHC5013: Error: URL reference in the TOC cannot be resolved: "How%20to%20order.htm".
HHC5013: Error: URL reference in the TOC cannot be resolved: "How%20to%20Register%20your%20Copy.htm".


The following files were not compiled:
LogoImage.htm
PopulateReport.htm
ReadTheme.htm
Microsoft HTML Help Compiler 4.74.8702

Compiling g:\Dynamic Report\Help Dynamic Report\DC Dynamic Report v3.5.chm

HHC4006: Warning: The file "SetReportHeader.htm" is already listed in the [FILES] section of the project file.
HHC5003: Error: Compilation failed while compiling LogoImage.htm.
HHC5003: Error: Compilation failed while compiling PopulateReport.htm.
HHC5003: Error: Compilation failed while compiling ReadTheme.htm.
HHC5013: Error: URL reference in the TOC cannot be resolved: "DynamicComponents%20Dynamic%20Report.htm".
HHC5013: Error: URL reference in the TOC cannot be resolved: "System%20Requirements.htm".
HHC5013: Error: URL reference in the TOC cannot be resolved: "Installing%20Dynamic%20Report.htm".
HHC5013: Error: URL reference in the TOC cannot be resolved: "Including%20DC.Dynamic%20Report.htm".
HHC5013: Error: URL reference in the TOC cannot be resolved: "Deploying%20Dynamic%20Report.htm".
HHC5013: Error: URL reference in the TOC cannot be resolved: "Contact%20us.htm".
HHC5013: Error: URL reference in the TOC cannot be resolved: "How%20to%20order.htm".
HHC5013: Error: URL reference in the TOC cannot be resolved: "How%20to%20Register%20your%20Copy.htm".


The following files were not compiled:
LogoImage.htm
PopulateReport.htm
ReadTheme.htm
Microsoft HTML Help Compiler 4.74.8702

Compiling g:\Dynamic Report\Help Dynamic Report\DC Dynamic Report v3.5.chm

HHC4006: Warning: The file "SetReportHeader.htm" is already listed in the [FILES] section of the project file.
HHC5003: Error: Compilation failed while compiling LogoImage.htm.
HHC5003: Error: Compilation failed while compiling PopulateReport.htm.
HHC5003: Error: Compilation failed while compiling ReadTheme.htm.
HHC5013: Error: URL reference in the TOC cannot be resolved: "DynamicComponents%20Dynamic%20Report.htm".
HHC5013: Error: URL reference in the TOC cannot be resolved: "System%20Requirements.htm".
HHC5013: Error: URL reference in the TOC cannot be resolved: "Installing%20Dynamic%20Report.htm".
HHC5013: Error: URL reference in the TOC cannot be resolved: "Including%20DC.Dynamic%20Report.htm".
HHC5013: Error: URL reference in the TOC cannot be resolved: "Deploying%20Dynamic%20Report.htm".
HHC5013: Error: URL reference in the TOC cannot be resolved: "Contact%20us.htm".
HHC5013: Error: URL reference in the TOC cannot be resolved: "How%20to%20order.htm".
HHC5013: Error: URL reference in the TOC cannot be resolved: "How%20to%20Register%20your%20Copy.htm".


The following files were not compiled:
LogoImage.htm
PopulateReport.htm
ReadTheme.htm
